<?xml version="1.0" encoding="UTF-8"?>
<testng-results ignored="0" total="8" passed="7" failed="1" skipped="0">
  <reporter-output>
  </reporter-output>
  <suite started-at="2022-07-27T23:17:28 CLT" name="Suite pruebas de regresión" finished-at="2022-07-27T23:19:59 CLT" duration-ms="151227">
    <groups>
    </groups>
    <test started-at="2022-07-27T23:17:28 CLT" name="Casos de prueba" finished-at="2022-07-27T23:19:59 CLT" duration-ms="151227">
      <class name="tests.Tests">
        <test-method is-config="true" signature="preparacion()[pri:0, instance:tests.Tests@2e4b8173]" started-at="2022-07-27T23:17:28 CLT" name="preparacion" finished-at="2022-07-27T23:17:28 CLT" duration-ms="16" status="PASS">
          <reporter-output>
          </reporter-output>
        </test-method> <!-- preparacion -->
        <test-method is-config="true" signature="preTests()[pri:0, instance:tests.Tests@2e4b8173]" started-at="2022-07-27T23:17:28 CLT" name="preTests" finished-at="2022-07-27T23:17:39 CLT" duration-ms="11504" status="PASS">
          <reporter-output>
          </reporter-output>
        </test-method> <!-- preTests -->
        <test-method signature="CP01_Registro_correo_existente()[pri:0, instance:tests.Tests@2e4b8173]" started-at="2022-07-27T23:17:39 CLT" name="CP01_Registro_correo_existente" finished-at="2022-07-27T23:17:50 CLT" duration-ms="10927" status="FAIL">
          <exception class="org.openqa.selenium.ElementClickInterceptedException">
            <message>
              <![CDATA[element click intercepted: Element is not clickable at point (190, 1072)
  (Session info: chrome=103.0.5060.134)
Build info: version: '3.141.59', revision: 'e82be7d358', time: '2018-11-14T08:17:03'
System info: host: 'NBEXEBXD3', ip: '192.168.100.46', os.name: 'Windows 10', os.arch: 'amd64', os.version: '10.0', java.version: '16.0.2'
Driver info: org.openqa.selenium.chrome.ChromeDriver
Capabilities {acceptInsecureCerts: false, browserName: chrome, browserVersion: 103.0.5060.134, chrome: {chromedriverVersion: 103.0.5060.134 (8ec6fce403b..., userDataDir: C:\Users\exaseor\AppData\Lo...}, goog:chromeOptions: {debuggerAddress: localhost:57122}, javascriptEnabled: true, networkConnectionEnabled: false, pageLoadStrategy: normal, platform: WINDOWS, platformName: WINDOWS, proxy: Proxy(), setWindowRect: true, strictFileInteractability: false, timeouts: {implicit: 0, pageLoad: 300000, script: 30000}, unhandledPromptBehavior: dismiss and notify, webauthn:extension:credBlob: true, webauthn:extension:largeBlob: true, webauthn:virtualAuthenticators: true}
Session ID: 57e4f2bb42ab7fd7dbb1e5e6e5179e6a]]>
            </message>
            <full-stacktrace>
              <![CDATA[org.openqa.selenium.ElementClickInterceptedException: element click intercepted: Element is not clickable at point (190, 1072)
  (Session info: chrome=103.0.5060.134)
Build info: version: '3.141.59', revision: 'e82be7d358', time: '2018-11-14T08:17:03'
System info: host: 'NBEXEBXD3', ip: '192.168.100.46', os.name: 'Windows 10', os.arch: 'amd64', os.version: '10.0', java.version: '16.0.2'
Driver info: org.openqa.selenium.chrome.ChromeDriver
Capabilities {acceptInsecureCerts: false, browserName: chrome, browserVersion: 103.0.5060.134, chrome: {chromedriverVersion: 103.0.5060.134 (8ec6fce403b..., userDataDir: C:\Users\exaseor\AppData\Lo...}, goog:chromeOptions: {debuggerAddress: localhost:57122}, javascriptEnabled: true, networkConnectionEnabled: false, pageLoadStrategy: normal, platform: WINDOWS, platformName: WINDOWS, proxy: Proxy(), setWindowRect: true, strictFileInteractability: false, timeouts: {implicit: 0, pageLoad: 300000, script: 30000}, unhandledPromptBehavior: dismiss and notify, webauthn:extension:credBlob: true, webauthn:extension:largeBlob: true, webauthn:virtualAuthenticators: true}
Session ID: 57e4f2bb42ab7fd7dbb1e5e6e5179e6a
at java.base/jdk.internal.reflect.NativeConstructorAccessorImpl.newInstance0(Native Method)
at java.base/jdk.internal.reflect.NativeConstructorAccessorImpl.newInstance(NativeConstructorAccessorImpl.java:78)
at java.base/jdk.internal.reflect.DelegatingConstructorAccessorImpl.newInstance(DelegatingConstructorAccessorImpl.java:45)
at java.base/java.lang.reflect.Constructor.newInstanceWithCaller(Constructor.java:499)
at java.base/java.lang.reflect.Constructor.newInstance(Constructor.java:480)
at org.openqa.selenium.remote.http.W3CHttpResponseCodec.createException(W3CHttpResponseCodec.java:187)
at org.openqa.selenium.remote.http.W3CHttpResponseCodec.decode(W3CHttpResponseCodec.java:122)
at org.openqa.selenium.remote.http.W3CHttpResponseCodec.decode(W3CHttpResponseCodec.java:49)
at org.openqa.selenium.remote.HttpCommandExecutor.execute(HttpCommandExecutor.java:158)
at org.openqa.selenium.remote.service.DriverCommandExecutor.execute(DriverCommandExecutor.java:83)
at org.openqa.selenium.remote.RemoteWebDriver.execute(RemoteWebDriver.java:552)
at org.openqa.selenium.remote.RemoteWebElement.execute(RemoteWebElement.java:285)
at org.openqa.selenium.remote.RemoteWebElement.click(RemoteWebElement.java:84)
at utils.BaseClass.click(BaseClass.java:72)
at pages.SignupPage.registro(SignupPage.java:52)
at tests.Tests.CP01_Registro_correo_existente(Tests.java:65)
at java.base/jdk.internal.reflect.NativeMethodAccessorImpl.invoke0(Native Method)
at java.base/jdk.internal.reflect.NativeMethodAccessorImpl.invoke(NativeMethodAccessorImpl.java:78)
at java.base/jdk.internal.reflect.DelegatingMethodAccessorImpl.invoke(DelegatingMethodAccessorImpl.java:43)
at java.base/java.lang.reflect.Method.invoke(Method.java:567)
at org.testng.internal.invokers.MethodInvocationHelper.invokeMethod(MethodInvocationHelper.java:139)
at org.testng.internal.invokers.TestInvoker.invokeMethod(TestInvoker.java:677)
at org.testng.internal.invokers.TestInvoker.invokeTestMethod(TestInvoker.java:221)
at org.testng.internal.invokers.MethodRunner.runInSequence(MethodRunner.java:50)
at org.testng.internal.invokers.TestInvoker$MethodInvocationAgent.invoke(TestInvoker.java:962)
at org.testng.internal.invokers.TestInvoker.invokeTestMethods(TestInvoker.java:194)
at org.testng.internal.invokers.TestMethodWorker.invokeTestMethods(TestMethodWorker.java:148)
at org.testng.internal.invokers.TestMethodWorker.run(TestMethodWorker.java:128)
at java.base/java.util.ArrayList.forEach(ArrayList.java:1511)
at org.testng.TestRunner.privateRun(TestRunner.java:806)
at org.testng.TestRunner.run(TestRunner.java:601)
at org.testng.SuiteRunner.runTest(SuiteRunner.java:433)
at org.testng.SuiteRunner.runSequentially(SuiteRunner.java:427)
at org.testng.SuiteRunner.privateRun(SuiteRunner.java:387)
at org.testng.SuiteRunner.run(SuiteRunner.java:330)
at org.testng.SuiteRunnerWorker.runSuite(SuiteRunnerWorker.java:52)
at org.testng.SuiteRunnerWorker.run(SuiteRunnerWorker.java:95)
at org.testng.TestNG.runSuitesSequentially(TestNG.java:1256)
at org.testng.TestNG.runSuitesLocally(TestNG.java:1176)
at org.testng.TestNG.runSuites(TestNG.java:1099)
at org.testng.TestNG.run(TestNG.java:1067)
at org.apache.maven.surefire.testng.TestNGExecutor.run(TestNGExecutor.java:324)
at org.apache.maven.surefire.testng.TestNGXmlTestSuite.execute(TestNGXmlTestSuite.java:74)
at org.apache.maven.surefire.testng.TestNGProvider.invoke(TestNGProvider.java:123)
at org.apache.maven.surefire.booter.ForkedBooter.runSuitesInProcess(ForkedBooter.java:456)
at org.apache.maven.surefire.booter.ForkedBooter.execute(ForkedBooter.java:169)
at org.apache.maven.surefire.booter.ForkedBooter.run(ForkedBooter.java:595)
at org.apache.maven.surefire.booter.ForkedBooter.main(ForkedBooter.java:581)
]]>
            </full-stacktrace>
          </exception> <!-- org.openqa.selenium.ElementClickInterceptedException -->
          <reporter-output>
          </reporter-output>
        </test-method> <!-- CP01_Registro_correo_existente -->
        <test-method is-config="true" signature="postTests()[pri:0, instance:tests.Tests@2e4b8173]" started-at="2022-07-27T23:17:50 CLT" name="postTests" finished-at="2022-07-27T23:17:54 CLT" duration-ms="4137" status="PASS">
          <reporter-output>
          </reporter-output>
        </test-method> <!-- postTests -->
        <test-method is-config="true" signature="preTests()[pri:0, instance:tests.Tests@2e4b8173]" started-at="2022-07-27T23:17:54 CLT" name="preTests" finished-at="2022-07-27T23:18:03 CLT" duration-ms="8376" status="PASS">
          <reporter-output>
          </reporter-output>
        </test-method> <!-- preTests -->
        <test-method signature="CP02_login_no_exitoso()[pri:0, instance:tests.Tests@2e4b8173]" started-at="2022-07-27T23:18:03 CLT" name="CP02_login_no_exitoso" finished-at="2022-07-27T23:18:09 CLT" duration-ms="6753" status="PASS">
          <reporter-output>
          </reporter-output>
        </test-method> <!-- CP02_login_no_exitoso -->
        <test-method is-config="true" signature="postTests()[pri:0, instance:tests.Tests@2e4b8173]" started-at="2022-07-27T23:18:09 CLT" name="postTests" finished-at="2022-07-27T23:18:09 CLT" duration-ms="146" status="PASS">
          <reporter-output>
          </reporter-output>
        </test-method> <!-- postTests -->
        <test-method is-config="true" signature="preTests()[pri:0, instance:tests.Tests@2e4b8173]" started-at="2022-07-27T23:18:09 CLT" name="preTests" finished-at="2022-07-27T23:18:17 CLT" duration-ms="7694" status="PASS">
          <reporter-output>
          </reporter-output>
        </test-method> <!-- preTests -->
        <test-method signature="CP03_login_exitoso()[pri:0, instance:tests.Tests@2e4b8173]" started-at="2022-07-27T23:18:17 CLT" name="CP03_login_exitoso" finished-at="2022-07-27T23:18:28 CLT" duration-ms="11091" status="PASS">
          <reporter-output>
          </reporter-output>
        </test-method> <!-- CP03_login_exitoso -->
        <test-method is-config="true" signature="postTests()[pri:0, instance:tests.Tests@2e4b8173]" started-at="2022-07-27T23:18:28 CLT" name="postTests" finished-at="2022-07-27T23:18:28 CLT" duration-ms="134" status="PASS">
          <reporter-output>
          </reporter-output>
        </test-method> <!-- postTests -->
        <test-method is-config="true" signature="preTests()[pri:0, instance:tests.Tests@2e4b8173]" started-at="2022-07-27T23:18:28 CLT" name="preTests" finished-at="2022-07-27T23:18:34 CLT" duration-ms="6022" status="PASS">
          <reporter-output>
          </reporter-output>
        </test-method> <!-- preTests -->
        <test-method signature="CP04_Convenio_Banmedica()[pri:0, instance:tests.Tests@2e4b8173]" started-at="2022-07-27T23:18:34 CLT" name="CP04_Convenio_Banmedica" finished-at="2022-07-27T23:18:40 CLT" duration-ms="5433" status="PASS">
          <reporter-output>
          </reporter-output>
        </test-method> <!-- CP04_Convenio_Banmedica -->
        <test-method is-config="true" signature="postTests()[pri:0, instance:tests.Tests@2e4b8173]" started-at="2022-07-27T23:18:40 CLT" name="postTests" finished-at="2022-07-27T23:18:40 CLT" duration-ms="158" status="PASS">
          <reporter-output>
          </reporter-output>
        </test-method> <!-- postTests -->
        <test-method is-config="true" signature="preTests()[pri:0, instance:tests.Tests@2e4b8173]" started-at="2022-07-27T23:18:40 CLT" name="preTests" finished-at="2022-07-27T23:18:48 CLT" duration-ms="7959" status="PASS">
          <reporter-output>
          </reporter-output>
        </test-method> <!-- preTests -->
        <test-method signature="CP05_buscar_producto()[pri:0, instance:tests.Tests@2e4b8173]" started-at="2022-07-27T23:18:48 CLT" name="CP05_buscar_producto" finished-at="2022-07-27T23:18:52 CLT" duration-ms="3796" status="PASS">
          <reporter-output>
          </reporter-output>
        </test-method> <!-- CP05_buscar_producto -->
        <test-method is-config="true" signature="postTests()[pri:0, instance:tests.Tests@2e4b8173]" started-at="2022-07-27T23:18:52 CLT" name="postTests" finished-at="2022-07-27T23:18:52 CLT" duration-ms="127" status="PASS">
          <reporter-output>
          </reporter-output>
        </test-method> <!-- postTests -->
        <test-method is-config="true" signature="preTests()[pri:0, instance:tests.Tests@2e4b8173]" started-at="2022-07-27T23:18:52 CLT" name="preTests" finished-at="2022-07-27T23:18:59 CLT" duration-ms="7476" status="PASS">
          <reporter-output>
          </reporter-output>
        </test-method> <!-- preTests -->
        <test-method signature="CP06_agregar_direccion_invalida()[pri:0, instance:tests.Tests@2e4b8173]" started-at="2022-07-27T23:18:59 CLT" name="CP06_agregar_direccion_invalida" finished-at="2022-07-27T23:19:23 CLT" duration-ms="23673" status="PASS">
          <reporter-output>
          </reporter-output>
        </test-method> <!-- CP06_agregar_direccion_invalida -->
        <test-method is-config="true" signature="postTests()[pri:0, instance:tests.Tests@2e4b8173]" started-at="2022-07-27T23:19:23 CLT" name="postTests" finished-at="2022-07-27T23:19:27 CLT" duration-ms="4165" status="PASS">
          <reporter-output>
          </reporter-output>
        </test-method> <!-- postTests -->
        <test-method is-config="true" signature="preTests()[pri:0, instance:tests.Tests@2e4b8173]" started-at="2022-07-27T23:19:27 CLT" name="preTests" finished-at="2022-07-27T23:19:35 CLT" duration-ms="7431" status="PASS">
          <reporter-output>
          </reporter-output>
        </test-method> <!-- preTests -->
        <test-method signature="CP07_Cambiar_Comuna()[pri:0, instance:tests.Tests@2e4b8173]" started-at="2022-07-27T23:19:35 CLT" name="CP07_Cambiar_Comuna" finished-at="2022-07-27T23:19:38 CLT" duration-ms="3151" status="PASS">
          <reporter-output>
          </reporter-output>
        </test-method> <!-- CP07_Cambiar_Comuna -->
        <test-method is-config="true" signature="postTests()[pri:0, instance:tests.Tests@2e4b8173]" started-at="2022-07-27T23:19:38 CLT" name="postTests" finished-at="2022-07-27T23:19:38 CLT" duration-ms="133" status="PASS">
          <reporter-output>
          </reporter-output>
        </test-method> <!-- postTests -->
        <test-method is-config="true" signature="preTests()[pri:0, instance:tests.Tests@2e4b8173]" started-at="2022-07-27T23:19:38 CLT" name="preTests" finished-at="2022-07-27T23:19:44 CLT" duration-ms="6044" status="PASS">
          <reporter-output>
          </reporter-output>
        </test-method> <!-- preTests -->
        <test-method signature="CP08_Buscar_pedido()[pri:0, instance:tests.Tests@2e4b8173]" started-at="2022-07-27T23:19:44 CLT" name="CP08_Buscar_pedido" finished-at="2022-07-27T23:19:59 CLT" duration-ms="14671" status="PASS">
          <reporter-output>
          </reporter-output>
        </test-method> <!-- CP08_Buscar_pedido -->
        <test-method is-config="true" signature="postTests()[pri:0, instance:tests.Tests@2e4b8173]" started-at="2022-07-27T23:19:59 CLT" name="postTests" finished-at="2022-07-27T23:19:59 CLT" duration-ms="152" status="PASS">
          <reporter-output>
          </reporter-output>
        </test-method> <!-- postTests -->
      </class> <!-- tests.Tests -->
    </test> <!-- Casos de prueba -->
  </suite> <!-- Suite pruebas de regresión -->
</testng-results>
